Print
2020
PaperCut
Logs
MFT01
PCL6
Excel
LETTER
DUPLEX
GRAYSCALE
Logger
papercut
http
Notepad
sthompson
Size
print
About
LONWK019
Time
User
Pages
Copies
Printer
Document
Client
Duplex
Grayscale
Software
View
Copyright
1999
2012
Location
19kb
Refresh
NotepadLETTER
Name
Paper
Language
Height
Width
logs
Data
logging
20kb
printing
FUSE
free
program
additional
this
features
please
International
Index
backup
tapes
mega
mountain
tape
request
Fabricorp01
docx
153kb
pmerton
Starter
bnielson
JUMP01
tlavel
Budget
Meeting
Minutes
52kb
LONWK015
bhult
offsite
invocation
LAPTOP07
administrator
issue
test
16kb
Live
listed
below
available
here
This
software
will
only
track
printers
locally
attached
system
more
consider
Date
HTML
month
Follow
Twitter
Forbidden
Access
denied
104kb
Word
pdfLETTER
WordLETTER
News
after
such
monitoring
servers
reporting
quotas
charging
secured
advanced
management
visit
website
Please
report
inaccurate
support
what
developers
Developer
Blog
PaperCutDev
Server
Error
have
permission
view
directory
page
using
credentials
that
supplied
Untitled
17kb
Print
2020
PaperCut
Logs
MFT01
PCL6
Excel
LETTER
DUPLEX
GRAYSCALE
Logger
papercut
http
Notepad
Size
sthompson
print
About
LONWK019
Time
User
Pages
Copies
Printer
Document
Client
Duplex
Grayscale
Software
View
Copyright
1999
2012
Location
19kb
Refresh
NotepadLETTER
Name
Paper
Language
Height
Width
logs
Data
logging
printing
FUSE
20kb
free
program
additional
this
features
please
International
Index
bhult
offsite
invocation
LAPTOP07
administrator
issue
test
16kb
pmerton
Starter
bnielson
JUMP01
tlavel
Budget
Meeting
Minutes
52kb
LONWK015
backup
tapes
mega
mountain
tape
request
Fabricorp01
docx
153kb
Live
listed
below
available
here
This
software
will
only
track
printers
locally
attached
system
more
consider
Date
HTML
month
Follow
Twitter
Forbidden
Access
denied
104kb
Word
News
after
such
monitoring
servers
reporting
quotas
charging
secured
advanced
management
visit
website
Please
report
inaccurate
support
what
developers
Developer
Blog
PaperCutDev
Server
Error
have
permission
view
directory
page
using
credentials
that
supplied
pdfLETTER
WordLETTER
Untitled
17kb
Print
2020
PaperCut
Logs
MFT01
PCL6
Excel
LETTER
DUPLEX
GRAYSCALE
Logger
papercut
http
Notepad
Size
sthompson
print
About
LONWK019
Time
User
Pages
Copies
Printer
Document
Client
Duplex
Grayscale
Software
View
Copyright
1999
2012
Location
19kb
Refresh
NotepadLETTER
Name
Paper
Language
Height
Width
logs
Data
logging
printing
20kb
FUSE
free
program
additional
this
features
please
International
Index
pmerton
Starter
bnielson
JUMP01
tlavel
Budget
Meeting
Minutes
52kb
LONWK015
backup
tapes
mega
mountain
tape
request
Fabricorp01
docx
153kb
bhult
offsite
invocation
LAPTOP07
administrator
issue
test
16kb
Live
listed
below
available
here
This
software
will
only
track
printers
locally
attached
system
more
consider
Date
HTML
month
Follow
Twitter
Forbidden
Access
denied
104kb
Word
News
after
such
monitoring
servers
reporting
quotas
charging
secured
advanced
management
visit
website
Please
report
inaccurate
support
what
developers
Developer
Blog
PaperCutDev
Server
Error
have
permission
view
directory
page
using
credentials
that
supplied
pdfLETTER
WordLETTER
Untitled
17kb
